<?xml version="1.0" encoding="UTF-8"?>
<testng-results ignored="0" total="5" passed="4" failed="1" skipped="0">
  <reporter-output>
  </reporter-output>
  <suite started-at="2024-02-20T21:19:42 IST" name="Default suite" finished-at="2024-02-20T21:20:09 IST" duration-ms="27207">
    <groups>
    </groups>
    <test started-at="2024-02-20T21:19:42 IST" name="Default test" finished-at="2024-02-20T21:20:09 IST" duration-ms="27207">
      <class name="HomePage.functionality_Testing">
        <test-method is-config="true" signature="setup()[pri:0, instance:HomePage.functionality_Testing@5d0bf09b]" started-at="2024-02-20T21:19:42 IST" name="setup" finished-at="2024-02-20T21:19:48 IST" duration-ms="5875" status="PASS">
          <reporter-output>
          </reporter-output>
        </test-method> <!-- setup -->
        <test-method signature="AddButton()[pri:1, instance:HomePage.functionality_Testing@5d0bf09b]" started-at="2024-02-20T21:19:48 IST" name="AddButton" finished-at="2024-02-20T21:19:48 IST" duration-ms="104" status="PASS">
          <reporter-output>
          </reporter-output>
        </test-method> <!-- AddButton -->
        <test-method is-config="true" signature="closeBrowser()[pri:0, instance:HomePage.functionality_Testing@5d0bf09b]" started-at="2024-02-20T21:19:48 IST" name="closeBrowser" finished-at="2024-02-20T21:19:48 IST" duration-ms="274" status="PASS">
          <reporter-output>
          </reporter-output>
        </test-method> <!-- closeBrowser -->
        <test-method is-config="true" signature="setup()[pri:0, instance:HomePage.functionality_Testing@5d0bf09b]" started-at="2024-02-20T21:19:48 IST" name="setup" finished-at="2024-02-20T21:19:52 IST" duration-ms="4433" status="PASS">
          <reporter-output>
          </reporter-output>
        </test-method> <!-- setup -->
        <test-method signature="MakePaymentButton()[pri:2, instance:HomePage.functionality_Testing@5d0bf09b]" started-at="2024-02-20T21:19:52 IST" name="MakePaymentButton" finished-at="2024-02-20T21:19:53 IST" duration-ms="101" status="PASS">
          <reporter-output>
          </reporter-output>
        </test-method> <!-- MakePaymentButton -->
        <test-method is-config="true" signature="closeBrowser()[pri:0, instance:HomePage.functionality_Testing@5d0bf09b]" started-at="2024-02-20T21:19:53 IST" name="closeBrowser" finished-at="2024-02-20T21:19:53 IST" duration-ms="333" status="PASS">
          <reporter-output>
          </reporter-output>
        </test-method> <!-- closeBrowser -->
        <test-method is-config="true" signature="setup()[pri:0, instance:HomePage.functionality_Testing@5d0bf09b]" started-at="2024-02-20T21:19:53 IST" name="setup" finished-at="2024-02-20T21:19:58 IST" duration-ms="5106" status="PASS">
          <reporter-output>
          </reporter-output>
        </test-method> <!-- setup -->
        <test-method signature="ViewStatement()[pri:3, instance:HomePage.functionality_Testing@5d0bf09b]" started-at="2024-02-20T21:19:58 IST" name="ViewStatement" finished-at="2024-02-20T21:19:58 IST" duration-ms="117" status="PASS">
          <reporter-output>
          </reporter-output>
        </test-method> <!-- ViewStatement -->
        <test-method is-config="true" signature="closeBrowser()[pri:0, instance:HomePage.functionality_Testing@5d0bf09b]" started-at="2024-02-20T21:19:58 IST" name="closeBrowser" finished-at="2024-02-20T21:19:58 IST" duration-ms="320" status="PASS">
          <reporter-output>
          </reporter-output>
        </test-method> <!-- closeBrowser -->
        <test-method is-config="true" signature="setup()[pri:0, instance:HomePage.functionality_Testing@5d0bf09b]" started-at="2024-02-20T21:19:58 IST" name="setup" finished-at="2024-02-20T21:20:03 IST" duration-ms="4779" status="PASS">
          <reporter-output>
          </reporter-output>
        </test-method> <!-- setup -->
        <test-method signature="PayDue()[pri:4, instance:HomePage.functionality_Testing@5d0bf09b]" started-at="2024-02-20T21:20:03 IST" name="PayDue" finished-at="2024-02-20T21:20:03 IST" duration-ms="98" status="PASS">
          <reporter-output>
          </reporter-output>
        </test-method> <!-- PayDue -->
        <test-method is-config="true" signature="closeBrowser()[pri:0, instance:HomePage.functionality_Testing@5d0bf09b]" started-at="2024-02-20T21:20:03 IST" name="closeBrowser" finished-at="2024-02-20T21:20:04 IST" duration-ms="269" status="PASS">
          <reporter-output>
          </reporter-output>
        </test-method> <!-- closeBrowser -->
        <test-method is-config="true" signature="setup()[pri:0, instance:HomePage.functionality_Testing@5d0bf09b]" started-at="2024-02-20T21:20:04 IST" name="setup" finished-at="2024-02-20T21:20:08 IST" duration-ms="4885" status="PASS">
          <reporter-output>
          </reporter-output>
        </test-method> <!-- setup -->
        <test-method signature="searchBox()[pri:5, instance:HomePage.functionality_Testing@5d0bf09b]" started-at="2024-02-20T21:20:08 IST" name="searchBox" finished-at="2024-02-20T21:20:09 IST" duration-ms="152" status="FAIL">
          <exception class="java.lang.UnsupportedOperationException">
            <message>
              <![CDATA[To submit an element, it must be nested inside a form element]]>
            </message>
            <full-stacktrace>
              <![CDATA[java.lang.UnsupportedOperationException: To submit an element, it must be nested inside a form element
at org.openqa.selenium.remote.RemoteWebElement.submit(RemoteWebElement.java:86)
at HomePage.functionality_Testing.searchBox(functionality_Testing.java:65)
at java.base/jdk.internal.reflect.NativeMethodAccessorImpl.invoke0(Native Method)
at java.base/jdk.internal.reflect.NativeMethodAccessorImpl.invoke(NativeMethodAccessorImpl.java:62)
at java.base/jdk.internal.reflect.DelegatingMethodAccessorImpl.invoke(DelegatingMethodAccessorImpl.java:43)
at java.base/java.lang.reflect.Method.invoke(Method.java:566)
at org.testng.internal.invokers.MethodInvocationHelper.invokeMethod(MethodInvocationHelper.java:139)
at org.testng.internal.invokers.TestInvoker.invokeMethod(TestInvoker.java:664)
at org.testng.internal.invokers.TestInvoker.invokeTestMethod(TestInvoker.java:227)
at org.testng.internal.invokers.MethodRunner.runInSequence(MethodRunner.java:50)
at org.testng.internal.invokers.TestInvoker$MethodInvocationAgent.invoke(TestInvoker.java:957)
at org.testng.internal.invokers.TestInvoker.invokeTestMethods(TestInvoker.java:200)
at org.testng.internal.invokers.TestMethodWorker.invokeTestMethods(TestMethodWorker.java:148)
at org.testng.internal.invokers.TestMethodWorker.run(TestMethodWorker.java:128)
at java.base/java.util.ArrayList.forEach(ArrayList.java:1541)
at org.testng.TestRunner.privateRun(TestRunner.java:848)
at org.testng.TestRunner.run(TestRunner.java:621)
at org.testng.SuiteRunner.runTest(SuiteRunner.java:443)
at org.testng.SuiteRunner.runSequentially(SuiteRunner.java:437)
at org.testng.SuiteRunner.privateRun(SuiteRunner.java:397)
at org.testng.SuiteRunner.run(SuiteRunner.java:336)
at org.testng.SuiteRunnerWorker.runSuite(SuiteRunnerWorker.java:52)
at org.testng.SuiteRunnerWorker.run(SuiteRunnerWorker.java:95)
at org.testng.TestNG.runSuitesSequentially(TestNG.java:1280)
at org.testng.TestNG.runSuitesLocally(TestNG.java:1200)
at org.testng.TestNG.runSuites(TestNG.java:1114)
at org.testng.TestNG.run(TestNG.java:1082)
at org.testng.remote.AbstractRemoteTestNG.run(AbstractRemoteTestNG.java:115)
at org.testng.remote.RemoteTestNG.initAndRun(RemoteTestNG.java:251)
at org.testng.remote.RemoteTestNG.main(RemoteTestNG.java:77)
]]>
            </full-stacktrace>
          </exception> <!-- java.lang.UnsupportedOperationException -->
          <reporter-output>
          </reporter-output>
        </test-method> <!-- searchBox -->
        <test-method is-config="true" signature="closeBrowser()[pri:0, instance:HomePage.functionality_Testing@5d0bf09b]" started-at="2024-02-20T21:20:09 IST" name="closeBrowser" finished-at="2024-02-20T21:20:09 IST" duration-ms="267" status="PASS">
          <reporter-output>
          </reporter-output>
        </test-method> <!-- closeBrowser -->
      </class> <!-- HomePage.functionality_Testing -->
    </test> <!-- Default test -->
  </suite> <!-- Default suite -->
</testng-results>
